time="2021-02-03T19:41:24.3682919+01:00" level=info msg="signal received, waiting for all goroutines to finish..." func=main.main file="D:/fastswf-grab/main.go:139"
time="2021-02-03T19:41:24.3702923+01:00" level=info msg="context cancelled, stopping getter\n" func="main.(*app).getter" file="D:/fastswf-grab/main.go:113"
time="2021-02-03T19:41:24.3702923+01:00" level=info msg="getter stopped" func="main.(*app).getter" file="D:/fastswf-grab/main.go:114"
time="2021-02-03T19:41:24.3702923+01:00" level=info msg=goodbye func=main.main file="D:/fastswf-grab/main.go:142"
time="2021-02-03T19:41:30.9241582+01:00" level=info msg=hrlo func=main.main file="D:/fastswf-grab/main.go:130"
time="2021-02-03T19:41:31.5331789+01:00" level=info msg="signal received, waiting for all goroutines to finish..." func=main.main file="D:/fastswf-grab/main.go:140"
time="2021-02-03T19:41:31.5341829+01:00" level=info msg="context cancelled, stopping getter\n" func="main.(*app).getter" file="D:/fastswf-grab/main.go:113"
time="2021-02-03T19:41:31.5341829+01:00" level=info msg="getter stopped" func="main.(*app).getter" file="D:/fastswf-grab/main.go:114"
time="2021-02-03T19:41:31.5341829+01:00" level=info msg=goodbye func=main.main file="D:/fastswf-grab/main.go:143"
time="2021-02-03T19:41:35.2031002+01:00" level=info msg=hello func=main.main file="D:/fastswf-grab/main.go:130"
time="2021-02-03T19:41:46.3662505+01:00" level=debug msg="got url: %s\n http://www.fastswf.com/1dAReEA" func="main.(*app).getter" file="D:/fastswf-grab/main.go:120"
time="2021-02-03T19:41:56.2000108+01:00" level=debug msg="got url: %s\n http://www.fastswf.com/1dAReEA" func="main.(*app).getter" file="D:/fastswf-grab/main.go:120"
time="2021-02-03T19:42:02.135944+01:00" level=info msg="signal received, waiting for all goroutines to finish..." func=main.main file="D:/fastswf-grab/main.go:140"
time="2021-02-03T19:42:02.1369451+01:00" level=info msg="context cancelled, stopping getter\n" func="main.(*app).getter" file="D:/fastswf-grab/main.go:113"
time="2021-02-03T19:42:02.1369451+01:00" level=info msg="getter stopped" func="main.(*app).getter" file="D:/fastswf-grab/main.go:114"
time="2021-02-03T19:42:02.1369451+01:00" level=info msg=goodbye func=main.main file="D:/fastswf-grab/main.go:143"
time="2021-02-03T19:42:06.8266644+01:00" level=info msg=hello func=main.main file="D:/fastswf-grab/main.go:130"
time="2021-02-03T19:42:07.5727008+01:00" level=debug msg="got url: http://www.fastswf.com/fwk9edU\n" func="main.(*app).getter" file="D:/fastswf-grab/main.go:120"
time="2021-02-03T19:42:08.1349758+01:00" level=debug msg="got url: http://www.fastswf.com/fwk9edU\n" func="main.(*app).getter" file="D:/fastswf-grab/main.go:120"
time="2021-02-03T19:42:08.7539678+01:00" level=debug msg="got url: http://www.fastswf.com/fwk9edU\n" func="main.(*app).getter" file="D:/fastswf-grab/main.go:120"
time="2021-02-03T19:42:09.407357+01:00" level=debug msg="got url: http://www.fastswf.com/fwk9edU\n" func="main.(*app).getter" file="D:/fastswf-grab/main.go:120"
time="2021-02-03T19:42:09.9269206+01:00" level=info msg="signal received, waiting for all goroutines to finish..." func=main.main file="D:/fastswf-grab/main.go:140"
time="2021-02-03T19:42:10.0049014+01:00" level=debug msg="got url: http://www.fastswf.com/fwk9edU\n" func="main.(*app).getter" file="D:/fastswf-grab/main.go:120"
time="2021-02-03T19:42:10.0049014+01:00" level=info msg="context cancelled, stopping getter\n" func="main.(*app).getter" file="D:/fastswf-grab/main.go:113"
time="2021-02-03T19:42:10.0049014+01:00" level=info msg="getter stopped" func="main.(*app).getter" file="D:/fastswf-grab/main.go:114"
time="2021-02-03T19:42:10.0059036+01:00" level=info msg=goodbye func=main.main file="D:/fastswf-grab/main.go:143"
time="2021-02-03T19:42:13.2689514+01:00" level=info msg=hello func=main.main file="D:/fastswf-grab/main.go:130"
time="2021-02-03T19:42:13.8819517+01:00" level=debug msg="got url: http://www.fastswf.com/fwk9edU\n" func="main.(*app).getter" file="D:/fastswf-grab/main.go:120"
time="2021-02-03T19:42:14.8218947+01:00" level=debug msg="got url: http://www.fastswf.com/fwk9edU\n" func="main.(*app).getter" file="D:/fastswf-grab/main.go:120"
time="2021-02-03T19:42:15.5267799+01:00" level=debug msg="got url: http://www.fastswf.com/fwk9edU\n" func="main.(*app).getter" file="D:/fastswf-grab/main.go:120"
time="2021-02-03T19:42:16.0436217+01:00" level=info msg="signal received, waiting for all goroutines to finish..." func=main.main file="D:/fastswf-grab/main.go:140"
time="2021-02-03T19:42:16.2998765+01:00" level=debug msg="got url: http://www.fastswf.com/fwk9edU\n" func="main.(*app).getter" file="D:/fastswf-grab/main.go:120"
time="2021-02-03T19:42:17.4809522+01:00" level=debug msg="got url: http://www.fastswf.com/fwk9edU\n" func="main.(*app).getter" file="D:/fastswf-grab/main.go:120"
time="2021-02-03T19:42:17.4809522+01:00" level=info msg="context cancelled, stopping getter\n" func="main.(*app).getter" file="D:/fastswf-grab/main.go:113"
time="2021-02-03T19:42:17.4819558+01:00" level=info msg="getter stopped" func="main.(*app).getter" file="D:/fastswf-grab/main.go:114"
time="2021-02-03T19:42:17.4819558+01:00" level=info msg=goodbye func=main.main file="D:/fastswf-grab/main.go:143"
time="2021-02-03T19:42:20.5461038+01:00" level=info msg=hello func=main.main file="D:/fastswf-grab/main.go:130"
time="2021-02-03T19:42:32.4243892+01:00" level=debug msg="got url: http://www.fastswf.com/HTZd-pg\n" func="main.(*app).getter" file="D:/fastswf-grab/main.go:120"
time="2021-02-03T19:42:43.3388994+01:00" level=debug msg="got url: http://www.fastswf.com/7fgUkhk\n" func="main.(*app).getter" file="D:/fastswf-grab/main.go:120"
time="2021-02-03T19:42:56.2738017+01:00" level=debug msg="got url: http://www.fastswf.com/NwQlwqE\n" func="main.(*app).getter" file="D:/fastswf-grab/main.go:120"
time="2021-02-03T19:42:57.7717621+01:00" level=info msg="signal received, waiting for all goroutines to finish..." func=main.main file="D:/fastswf-grab/main.go:140"
time="2021-02-03T19:42:57.7717621+01:00" level=info msg="context cancelled, stopping getter\n" func="main.(*app).getter" file="D:/fastswf-grab/main.go:113"
time="2021-02-03T19:42:57.7727631+01:00" level=info msg="getter stopped" func="main.(*app).getter" file="D:/fastswf-grab/main.go:114"
time="2021-02-03T19:42:57.7727631+01:00" level=info msg=goodbye func=main.main file="D:/fastswf-grab/main.go:143"
time="2021-02-03T19:44:13.6212829+01:00" level=info msg=hello func=main.main file="D:/fastswf-grab/main.go:132"
time="2021-02-03T19:44:13.622283+01:00" level=debug msg=waiting... func="main.(*app).getter" file="D:/fastswf-grab/main.go:112"
time="2021-02-03T19:44:24.6228679+01:00" level=debug msg="getting 'http://www.fastswf.com/random'..." func="main.(*app).getRandomURL" file="D:/fastswf-grab/main.go:88"
time="2021-02-03T19:44:25.4334494+01:00" level=debug msg="got url: http://www.fastswf.com/GI-ea1c" func="main.(*app).getter" file="D:/fastswf-grab/main.go:122"
time="2021-02-03T19:44:25.4344492+01:00" level=debug msg=waiting... func="main.(*app).getter" file="D:/fastswf-grab/main.go:112"
time="2021-02-03T19:44:35.6223371+01:00" level=debug msg="getting 'http://www.fastswf.com/random'..." func="main.(*app).getRandomURL" file="D:/fastswf-grab/main.go:88"
time="2021-02-03T19:44:36.4481209+01:00" level=debug msg="got url: http://www.fastswf.com/SrVme3U" func="main.(*app).getter" file="D:/fastswf-grab/main.go:122"
time="2021-02-03T19:44:36.4491217+01:00" level=debug msg=waiting... func="main.(*app).getter" file="D:/fastswf-grab/main.go:112"
time="2021-02-03T19:44:38.8391367+01:00" level=info msg="signal received, waiting for all goroutines to finish..." func=main.main file="D:/fastswf-grab/main.go:142"
time="2021-02-03T19:44:38.8401348+01:00" level=info msg="context cancelled, stopping getter" func="main.(*app).getter" file="D:/fastswf-grab/main.go:115"
time="2021-02-03T19:44:38.8401348+01:00" level=info msg="getter stopped" func="main.(*app).getter" file="D:/fastswf-grab/main.go:116"
time="2021-02-03T19:44:38.8401348+01:00" level=info msg=goodbye func=main.main file="D:/fastswf-grab/main.go:145"
